
*** Running vivado
    with args -log design_1_wrapper.vdi -applog -m64 -product Vivado -messageDb vivado.pb -mode batch -source design_1_wrapper.tcl -notrace



****** Vivado v2024.2 (64-bit)
  **** SW Build 5239630 on Fri Nov 08 22:35:27 MST 2024
  **** IP Build 5239520 on Sun Nov 10 16:12:51 MST 2024
  **** SharedData Build 5239561 on Fri Nov 08 14:39:27 MST 2024
  **** Start of session at: Sun Nov  9 15:07:37 2025
    ** Copyright 1986-2022 Xilinx, Inc. All Rights Reserved.
    ** Copyright 2022-2024 Advanced Micro Devices, Inc. All Rights Reserved.

source design_1_wrapper.tcl -notrace
INFO: [IP_Flow 19-234] Refreshing IP repositories
INFO: [IP_Flow 19-1704] No user IP repositories specified
INFO: [IP_Flow 19-2313] Loaded Vivado IP repository 'D:/Vivado/Vivado/2024.2/data/ip'.
add_files: Time (s): cpu = 00:00:07 ; elapsed = 00:00:08 . Memory (MB): peak = 430.656 ; gain = 61.777
Command: link_design -top design_1_wrapper -part xc7z020clg400-1
Design is defaulting to srcset: sources_1
Design is defaulting to constrset: constrs_1
INFO: [Device 21-403] Loading part xc7z020clg400-1
INFO: [Project 1-454] Reading design checkpoint 'd:/UTCN/AN_3/Semestru1/SSC/Proiect/Semafor_Inteligent/Semafor_Inteligent.gen/sources_1/bd/design_1/ip/design_1_axi_gpio_1_0/design_1_axi_gpio_1_0.dcp' for cell 'design_1_i/axi_gpio_btns'
INFO: [Project 1-454] Reading design checkpoint 'd:/UTCN/AN_3/Semestru1/SSC/Proiect/Semafor_Inteligent/Semafor_Inteligent.gen/sources_1/bd/design_1/ip/design_1_axi_gpio_0_0/design_1_axi_gpio_0_0.dcp' for cell 'design_1_i/axi_gpio_leds'
INFO: [Project 1-454] Reading design checkpoint 'd:/UTCN/AN_3/Semestru1/SSC/Proiect/Semafor_Inteligent/Semafor_Inteligent.gen/sources_1/bd/design_1/ip/design_1_axi_gpio_0_1/design_1_axi_gpio_0_1.dcp' for cell 'design_1_i/axi_gpio_sws'
INFO: [Project 1-454] Reading design checkpoint 'd:/UTCN/AN_3/Semestru1/SSC/Proiect/Semafor_Inteligent/Semafor_Inteligent.gen/sources_1/bd/design_1/ip/design_1_axi_gpio_0_3/design_1_axi_gpio_0_3.dcp' for cell 'design_1_i/axi_gpio_time_ew'
INFO: [Project 1-454] Reading design checkpoint 'd:/UTCN/AN_3/Semestru1/SSC/Proiect/Semafor_Inteligent/Semafor_Inteligent.gen/sources_1/bd/design_1/ip/design_1_axi_gpio_0_2/design_1_axi_gpio_0_2.dcp' for cell 'design_1_i/axi_gpio_time_ns'
INFO: [Project 1-454] Reading design checkpoint 'd:/UTCN/AN_3/Semestru1/SSC/Proiect/Semafor_Inteligent/Semafor_Inteligent.gen/sources_1/bd/design_1/ip/design_1_axi_smc_0/design_1_axi_smc_0.dcp' for cell 'design_1_i/axi_smc'
INFO: [Project 1-454] Reading design checkpoint 'd:/UTCN/AN_3/Semestru1/SSC/Proiect/Semafor_Inteligent/Semafor_Inteligent.gen/sources_1/bd/design_1/ip/design_1_processing_system7_0_0/design_1_processing_system7_0_0.dcp' for cell 'design_1_i/processing_system7_0'
INFO: [Project 1-454] Reading design checkpoint 'd:/UTCN/AN_3/Semestru1/SSC/Proiect/Semafor_Inteligent/Semafor_Inteligent.gen/sources_1/bd/design_1/ip/design_1_rst_ps7_0_50M_0/design_1_rst_ps7_0_50M_0.dcp' for cell 'design_1_i/rst_ps7_0_50M'
INFO: [Project 1-454] Reading design checkpoint 'd:/UTCN/AN_3/Semestru1/SSC/Proiect/Semafor_Inteligent/Semafor_Inteligent.gen/sources_1/bd/design_1/ip/design_1_semafor_0_0/design_1_semafor_0_0.dcp' for cell 'design_1_i/semafor_0'
INFO: [Project 1-454] Reading design checkpoint 'd:/UTCN/AN_3/Semestru1/SSC/Proiect/Semafor_Inteligent/Semafor_Inteligent.gen/sources_1/bd/design_1/ip/design_1_xadc_wiz_0_0/design_1_xadc_wiz_0_0.dcp' for cell 'design_1_i/xadc_wiz_0'
Netlist sorting complete. Time (s): cpu = 00:00:00 ; elapsed = 00:00:00.449 . Memory (MB): peak = 698.941 ; gain = 0.000
INFO: [Netlist 29-17] Analyzing 8 Unisim elements for replacement
INFO: [Netlist 29-28] Unisim Transformation completed in 0 CPU seconds
INFO: [Project 1-479] Netlist was created with Vivado 2024.2
INFO: [Project 1-570] Preparing netlist for logic optimization
Parsing XDC File [d:/UTCN/AN_3/Semestru1/SSC/Proiect/Semafor_Inteligent/Semafor_Inteligent.gen/sources_1/bd/design_1/ip/design_1_processing_system7_0_0/design_1_processing_system7_0_0.xdc] for cell 'design_1_i/processing_system7_0/inst'
Finished Parsing XDC File [d:/UTCN/AN_3/Semestru1/SSC/Proiect/Semafor_Inteligent/Semafor_Inteligent.gen/sources_1/bd/design_1/ip/design_1_processing_system7_0_0/design_1_processing_system7_0_0.xdc] for cell 'design_1_i/processing_system7_0/inst'
Parsing XDC File [d:/UTCN/AN_3/Semestru1/SSC/Proiect/Semafor_Inteligent/Semafor_Inteligent.gen/sources_1/bd/design_1/ip/design_1_xadc_wiz_0_0/design_1_xadc_wiz_0_0.xdc] for cell 'design_1_i/xadc_wiz_0/inst'
Finished Parsing XDC File [d:/UTCN/AN_3/Semestru1/SSC/Proiect/Semafor_Inteligent/Semafor_Inteligent.gen/sources_1/bd/design_1/ip/design_1_xadc_wiz_0_0/design_1_xadc_wiz_0_0.xdc] for cell 'design_1_i/xadc_wiz_0/inst'
Parsing XDC File [d:/UTCN/AN_3/Semestru1/SSC/Proiect/Semafor_Inteligent/Semafor_Inteligent.gen/sources_1/bd/design_1/ip/design_1_axi_smc_0/bd_0/ip/ip_1/bd_afc3_psr_aclk_0_board.xdc] for cell 'design_1_i/axi_smc/inst/clk_map/psr_aclk/U0'
Finished Parsing XDC File [d:/UTCN/AN_3/Semestru1/SSC/Proiect/Semafor_Inteligent/Semafor_Inteligent.gen/sources_1/bd/design_1/ip/design_1_axi_smc_0/bd_0/ip/ip_1/bd_afc3_psr_aclk_0_board.xdc] for cell 'design_1_i/axi_smc/inst/clk_map/psr_aclk/U0'
Parsing XDC File [d:/UTCN/AN_3/Semestru1/SSC/Proiect/Semafor_Inteligent/Semafor_Inteligent.gen/sources_1/bd/design_1/ip/design_1_axi_smc_0/bd_0/ip/ip_1/bd_afc3_psr_aclk_0.xdc] for cell 'design_1_i/axi_smc/inst/clk_map/psr_aclk/U0'
Finished Parsing XDC File [d:/UTCN/AN_3/Semestru1/SSC/Proiect/Semafor_Inteligent/Semafor_Inteligent.gen/sources_1/bd/design_1/ip/design_1_axi_smc_0/bd_0/ip/ip_1/bd_afc3_psr_aclk_0.xdc] for cell 'design_1_i/axi_smc/inst/clk_map/psr_aclk/U0'
Parsing XDC File [d:/UTCN/AN_3/Semestru1/SSC/Proiect/Semafor_Inteligent/Semafor_Inteligent.gen/sources_1/bd/design_1/ip/design_1_axi_smc_0/smartconnect.xdc] for cell 'design_1_i/axi_smc/inst'
Finished Parsing XDC File [d:/UTCN/AN_3/Semestru1/SSC/Proiect/Semafor_Inteligent/Semafor_Inteligent.gen/sources_1/bd/design_1/ip/design_1_axi_smc_0/smartconnect.xdc] for cell 'design_1_i/axi_smc/inst'
Parsing XDC File [d:/UTCN/AN_3/Semestru1/SSC/Proiect/Semafor_Inteligent/Semafor_Inteligent.gen/sources_1/bd/design_1/ip/design_1_rst_ps7_0_50M_0/design_1_rst_ps7_0_50M_0_board.xdc] for cell 'design_1_i/rst_ps7_0_50M/U0'
Finished Parsing XDC File [d:/UTCN/AN_3/Semestru1/SSC/Proiect/Semafor_Inteligent/Semafor_Inteligent.gen/sources_1/bd/design_1/ip/design_1_rst_ps7_0_50M_0/design_1_rst_ps7_0_50M_0_board.xdc] for cell 'design_1_i/rst_ps7_0_50M/U0'
Parsing XDC File [d:/UTCN/AN_3/Semestru1/SSC/Proiect/Semafor_Inteligent/Semafor_Inteligent.gen/sources_1/bd/design_1/ip/design_1_rst_ps7_0_50M_0/design_1_rst_ps7_0_50M_0.xdc] for cell 'design_1_i/rst_ps7_0_50M/U0'
Finished Parsing XDC File [d:/UTCN/AN_3/Semestru1/SSC/Proiect/Semafor_Inteligent/Semafor_Inteligent.gen/sources_1/bd/design_1/ip/design_1_rst_ps7_0_50M_0/design_1_rst_ps7_0_50M_0.xdc] for cell 'design_1_i/rst_ps7_0_50M/U0'
Parsing XDC File [d:/UTCN/AN_3/Semestru1/SSC/Proiect/Semafor_Inteligent/Semafor_Inteligent.gen/sources_1/bd/design_1/ip/design_1_axi_gpio_0_0/design_1_axi_gpio_0_0_board.xdc] for cell 'design_1_i/axi_gpio_leds/U0'
Finished Parsing XDC File [d:/UTCN/AN_3/Semestru1/SSC/Proiect/Semafor_Inteligent/Semafor_Inteligent.gen/sources_1/bd/design_1/ip/design_1_axi_gpio_0_0/design_1_axi_gpio_0_0_board.xdc] for cell 'design_1_i/axi_gpio_leds/U0'
Parsing XDC File [d:/UTCN/AN_3/Semestru1/SSC/Proiect/Semafor_Inteligent/Semafor_Inteligent.gen/sources_1/bd/design_1/ip/design_1_axi_gpio_0_0/design_1_axi_gpio_0_0.xdc] for cell 'design_1_i/axi_gpio_leds/U0'
Finished Parsing XDC File [d:/UTCN/AN_3/Semestru1/SSC/Proiect/Semafor_Inteligent/Semafor_Inteligent.gen/sources_1/bd/design_1/ip/design_1_axi_gpio_0_0/design_1_axi_gpio_0_0.xdc] for cell 'design_1_i/axi_gpio_leds/U0'
Parsing XDC File [d:/UTCN/AN_3/Semestru1/SSC/Proiect/Semafor_Inteligent/Semafor_Inteligent.gen/sources_1/bd/design_1/ip/design_1_axi_gpio_1_0/design_1_axi_gpio_1_0_board.xdc] for cell 'design_1_i/axi_gpio_btns/U0'
Finished Parsing XDC File [d:/UTCN/AN_3/Semestru1/SSC/Proiect/Semafor_Inteligent/Semafor_Inteligent.gen/sources_1/bd/design_1/ip/design_1_axi_gpio_1_0/design_1_axi_gpio_1_0_board.xdc] for cell 'design_1_i/axi_gpio_btns/U0'
Parsing XDC File [d:/UTCN/AN_3/Semestru1/SSC/Proiect/Semafor_Inteligent/Semafor_Inteligent.gen/sources_1/bd/design_1/ip/design_1_axi_gpio_1_0/design_1_axi_gpio_1_0.xdc] for cell 'design_1_i/axi_gpio_btns/U0'
Finished Parsing XDC File [d:/UTCN/AN_3/Semestru1/SSC/Proiect/Semafor_Inteligent/Semafor_Inteligent.gen/sources_1/bd/design_1/ip/design_1_axi_gpio_1_0/design_1_axi_gpio_1_0.xdc] for cell 'design_1_i/axi_gpio_btns/U0'
Parsing XDC File [d:/UTCN/AN_3/Semestru1/SSC/Proiect/Semafor_Inteligent/Semafor_Inteligent.gen/sources_1/bd/design_1/ip/design_1_axi_gpio_0_1/design_1_axi_gpio_0_1_board.xdc] for cell 'design_1_i/axi_gpio_sws/U0'
Finished Parsing XDC File [d:/UTCN/AN_3/Semestru1/SSC/Proiect/Semafor_Inteligent/Semafor_Inteligent.gen/sources_1/bd/design_1/ip/design_1_axi_gpio_0_1/design_1_axi_gpio_0_1_board.xdc] for cell 'design_1_i/axi_gpio_sws/U0'
Parsing XDC File [d:/UTCN/AN_3/Semestru1/SSC/Proiect/Semafor_Inteligent/Semafor_Inteligent.gen/sources_1/bd/design_1/ip/design_1_axi_gpio_0_1/design_1_axi_gpio_0_1.xdc] for cell 'design_1_i/axi_gpio_sws/U0'
Finished Parsing XDC File [d:/UTCN/AN_3/Semestru1/SSC/Proiect/Semafor_Inteligent/Semafor_Inteligent.gen/sources_1/bd/design_1/ip/design_1_axi_gpio_0_1/design_1_axi_gpio_0_1.xdc] for cell 'design_1_i/axi_gpio_sws/U0'
Parsing XDC File [d:/UTCN/AN_3/Semestru1/SSC/Proiect/Semafor_Inteligent/Semafor_Inteligent.gen/sources_1/bd/design_1/ip/design_1_axi_gpio_0_2/design_1_axi_gpio_0_2_board.xdc] for cell 'design_1_i/axi_gpio_time_ns/U0'
Finished Parsing XDC File [d:/UTCN/AN_3/Semestru1/SSC/Proiect/Semafor_Inteligent/Semafor_Inteligent.gen/sources_1/bd/design_1/ip/design_1_axi_gpio_0_2/design_1_axi_gpio_0_2_board.xdc] for cell 'design_1_i/axi_gpio_time_ns/U0'
Parsing XDC File [d:/UTCN/AN_3/Semestru1/SSC/Proiect/Semafor_Inteligent/Semafor_Inteligent.gen/sources_1/bd/design_1/ip/design_1_axi_gpio_0_2/design_1_axi_gpio_0_2.xdc] for cell 'design_1_i/axi_gpio_time_ns/U0'
Finished Parsing XDC File [d:/UTCN/AN_3/Semestru1/SSC/Proiect/Semafor_Inteligent/Semafor_Inteligent.gen/sources_1/bd/design_1/ip/design_1_axi_gpio_0_2/design_1_axi_gpio_0_2.xdc] for cell 'design_1_i/axi_gpio_time_ns/U0'
Parsing XDC File [d:/UTCN/AN_3/Semestru1/SSC/Proiect/Semafor_Inteligent/Semafor_Inteligent.gen/sources_1/bd/design_1/ip/design_1_axi_gpio_0_3/design_1_axi_gpio_0_3_board.xdc] for cell 'design_1_i/axi_gpio_time_ew/U0'
Finished Parsing XDC File [d:/UTCN/AN_3/Semestru1/SSC/Proiect/Semafor_Inteligent/Semafor_Inteligent.gen/sources_1/bd/design_1/ip/design_1_axi_gpio_0_3/design_1_axi_gpio_0_3_board.xdc] for cell 'design_1_i/axi_gpio_time_ew/U0'
Parsing XDC File [d:/UTCN/AN_3/Semestru1/SSC/Proiect/Semafor_Inteligent/Semafor_Inteligent.gen/sources_1/bd/design_1/ip/design_1_axi_gpio_0_3/design_1_axi_gpio_0_3.xdc] for cell 'design_1_i/axi_gpio_time_ew/U0'
Finished Parsing XDC File [d:/UTCN/AN_3/Semestru1/SSC/Proiect/Semafor_Inteligent/Semafor_Inteligent.gen/sources_1/bd/design_1/ip/design_1_axi_gpio_0_3/design_1_axi_gpio_0_3.xdc] for cell 'design_1_i/axi_gpio_time_ew/U0'
Parsing XDC File [D:/UTCN/AN_3/Semestru1/SSC/Proiect/Semafor_Inteligent/Semafor_Inteligent.srcs/constrs_1/new/semafor.xdc]
Finished Parsing XDC File [D:/UTCN/AN_3/Semestru1/SSC/Proiect/Semafor_Inteligent/Semafor_Inteligent.srcs/constrs_1/new/semafor.xdc]
INFO: [Project 1-1714] 89 XPM XDC files have been applied to the design.
INFO: [Opt 31-138] Pushed 0 inverter(s) to 0 load pin(s).
Netlist sorting complete. Time (s): cpu = 00:00:00 ; elapsed = 00:00:00.008 . Memory (MB): peak = 900.043 ; gain = 0.000
INFO: [Project 1-111] Unisim Transformation Summary:
No Unisim elements were transformed.

21 Infos, 0 Warnings, 0 Critical Warnings and 0 Errors encountered.
link_design completed successfully
link_design: Time (s): cpu = 00:00:14 ; elapsed = 00:00:19 . Memory (MB): peak = 900.043 ; gain = 469.387
Command: opt_design
Attempting to get a license for feature 'Implementation' and/or device 'xc7z020'
INFO: [Common 17-349] Got license for feature 'Implementation' and/or device 'xc7z020'
Running DRC as a precondition to command opt_design

Starting DRC Task
INFO: [DRC 23-27] Running DRC with 2 threads
INFO: [Project 1-461] DRC finished with 0 Errors
INFO: [Project 1-462] Please refer to the DRC report (report_drc) for more information.

Time (s): cpu = 00:00:04 ; elapsed = 00:00:03 . Memory (MB): peak = 938.906 ; gain = 38.863

Starting Cache Timing Information Task
INFO: [Timing 38-35] Done setting XDC timing constraints.
Ending Cache Timing Information Task | Checksum: 16fa2d80e

Time (s): cpu = 00:00:10 ; elapsed = 00:00:12 . Memory (MB): peak = 1478.891 ; gain = 539.984

Starting Logic Optimization Task

Phase 1 Initialization

Phase 1.1 Core Generation And Design Setup
Phase 1.1 Core Generation And Design Setup | Checksum: 16fa2d80e

Time (s): cpu = 00:00:00 ; elapsed = 00:00:00.056 . Memory (MB): peak = 1882.066 ; gain = 0.000

Phase 1.2 Setup Constraints And Sort Netlist
Phase 1.2 Setup Constraints And Sort Netlist | Checksum: 16fa2d80e

Time (s): cpu = 00:00:00 ; elapsed = 00:00:00.081 . Memory (MB): peak = 1882.066 ; gain = 0.000
Phase 1 Initialization | Checksum: 16fa2d80e

Time (s): cpu = 00:00:00 ; elapsed = 00:00:00.091 . Memory (MB): peak = 1882.066 ; gain = 0.000

Phase 2 Timer Update And Timing Data Collection

Phase 2.1 Timer Update
Phase 2.1 Timer Update | Checksum: 16fa2d80e

Time (s): cpu = 00:00:00 ; elapsed = 00:00:00.304 . Memory (MB): peak = 1882.066 ; gain = 0.000

Phase 2.2 Timing Data Collection
Phase 2.2 Timing Data Collection | Checksum: 16fa2d80e

Time (s): cpu = 00:00:00 ; elapsed = 00:00:00.375 . Memory (MB): peak = 1882.066 ; gain = 0.000
Phase 2 Timer Update And Timing Data Collection | Checksum: 16fa2d80e

Time (s): cpu = 00:00:00 ; elapsed = 00:00:00.382 . Memory (MB): peak = 1882.066 ; gain = 0.000

Phase 3 Retarget
INFO: [Opt 31-1851] Number of loadless carry chains removed were: 0
INFO: [Opt 31-1834] Total Chains To Be Transformed Were: 0 AND Number of Transformed insts Created are: 0
INFO: [Opt 31-1566] Pulled 2 inverters resulting in an inversion of 9 pins
INFO: [Opt 31-138] Pushed 6 inverter(s) to 14 load pin(s).
INFO: [Opt 31-49] Retargeted 0 cell(s).
Phase 3 Retarget | Checksum: 16a108194

Time (s): cpu = 00:00:01 ; elapsed = 00:00:00.627 . Memory (MB): peak = 1882.066 ; gain = 0.000
Retarget | Checksum: 16a108194
INFO: [Opt 31-389] Phase Retarget created 22 cells and removed 55 cells
INFO: [Opt 31-1021] In phase Retarget, 160 netlist objects are constrained preventing optimization. Please run opt_design with -debug_log to get more detail. 

Phase 4 Constant propagation
INFO: [Opt 31-138] Pushed 1 inverter(s) to 2 load pin(s).
Phase 4 Constant propagation | Checksum: 191878490

Time (s): cpu = 00:00:01 ; elapsed = 00:00:00.716 . Memory (MB): peak = 1882.066 ; gain = 0.000
Constant propagation | Checksum: 191878490
INFO: [Opt 31-389] Phase Constant propagation created 10 cells and removed 31 cells
INFO: [Opt 31-1021] In phase Constant propagation, 160 netlist objects are constrained preventing optimization. Please run opt_design with -debug_log to get more detail. 

Phase 5 Sweep
INFO: [Constraints 18-11670] Building netlist checker database with flags, 0x8
Done building netlist checker database: Time (s): cpu = 00:00:00 ; elapsed = 00:00:00.004 . Memory (MB): peak = 1882.066 ; gain = 0.000
INFO: [Constraints 18-11670] Building netlist checker database with flags, 0x8
Done building netlist checker database: Time (s): cpu = 00:00:00 ; elapsed = 00:00:00.003 . Memory (MB): peak = 1882.066 ; gain = 0.000
Phase 5 Sweep | Checksum: 1678155f8

Time (s): cpu = 00:00:02 ; elapsed = 00:00:02 . Memory (MB): peak = 1882.066 ; gain = 0.000
Sweep | Checksum: 1678155f8
INFO: [Opt 31-389] Phase Sweep created 0 cells and removed 286 cells
INFO: [Opt 31-1021] In phase Sweep, 200 netlist objects are constrained preventing optimization. Please run opt_design with -debug_log to get more detail. 

Phase 6 BUFG optimization
Phase 6 BUFG optimization | Checksum: 1678155f8

Time (s): cpu = 00:00:02 ; elapsed = 00:00:02 . Memory (MB): peak = 1882.066 ; gain = 0.000
BUFG optimization | Checksum: 1678155f8
INFO: [Opt 31-662] Phase BUFG optimization created 0 cells of which 0 are BUFGs and removed 0 cells.

Phase 7 Shift Register Optimization
INFO: [Opt 31-1064] SRL Remap converted 0 SRLs to 0 registers and converted 0 registers of register chains to 0 SRLs
Phase 7 Shift Register Optimization | Checksum: 1678155f8

Time (s): cpu = 00:00:02 ; elapsed = 00:00:02 . Memory (MB): peak = 1882.066 ; gain = 0.000
Shift Register Optimization | Checksum: 1678155f8
INFO: [Opt 31-389] Phase Shift Register Optimization created 0 cells and removed 0 cells

Phase 8 Post Processing Netlist
Phase 8 Post Processing Netlist | Checksum: 1bcb2cad4

Time (s): cpu = 00:00:02 ; elapsed = 00:00:02 . Memory (MB): peak = 1882.066 ; gain = 0.000
Post Processing Netlist | Checksum: 1bcb2cad4
INFO: [Opt 31-389] Phase Post Processing Netlist created 0 cells and removed 0 cells
INFO: [Opt 31-1021] In phase Post Processing Netlist, 195 netlist objects are constrained preventing optimization. Please run opt_design with -debug_log to get more detail. 

Phase 9 Finalization

Phase 9.1 Finalizing Design Cores and Updating Shapes
Phase 9.1 Finalizing Design Cores and Updating Shapes | Checksum: 14a9f2219

Time (s): cpu = 00:00:03 ; elapsed = 00:00:03 . Memory (MB): peak = 1882.066 ; gain = 0.000

Phase 9.2 Verifying Netlist Connectivity

Starting Connectivity Check Task

Time (s): cpu = 00:00:00 ; elapsed = 00:00:00.033 . Memory (MB): peak = 1882.066 ; gain = 0.000
Phase 9.2 Verifying Netlist Connectivity | Checksum: 14a9f2219

Time (s): cpu = 00:00:03 ; elapsed = 00:00:03 . Memory (MB): peak = 1882.066 ; gain = 0.000
Phase 9 Finalization | Checksum: 14a9f2219

Time (s): cpu = 00:00:03 ; elapsed = 00:00:03 . Memory (MB): peak = 1882.066 ; gain = 0.000
Opt_design Change Summary
=========================


-------------------------------------------------------------------------------------------------------------------------
|  Phase                        |  #Cells created  |  #Cells Removed  |  #Constrained objects preventing optimizations  |
-------------------------------------------------------------------------------------------------------------------------
|  Retarget                     |              22  |              55  |                                            160  |
|  Constant propagation         |              10  |              31  |                                            160  |
|  Sweep                        |               0  |             286  |                                            200  |
|  BUFG optimization            |               0  |               0  |                                              0  |
|  Shift Register Optimization  |               0  |               0  |                                              0  |
|  Post Processing Netlist      |               0  |               0  |                                            195  |
-------------------------------------------------------------------------------------------------------------------------


Ending Logic Optimization Task | Checksum: 14a9f2219

Time (s): cpu = 00:00:03 ; elapsed = 00:00:03 . Memory (MB): peak = 1882.066 ; gain = 0.000

Starting Power Optimization Task
INFO: [Pwropt 34-132] Skipping clock gating for clocks with a period < 2.00 ns.
Ending Power Optimization Task | Checksum: 14a9f2219

Time (s): cpu = 00:00:00 ; elapsed = 00:00:00.046 . Memory (MB): peak = 1882.066 ; gain = 0.000

Starting Final Cleanup Task
Ending Final Cleanup Task | Checksum: 14a9f2219

Time (s): cpu = 00:00:00 ; elapsed = 00:00:00.006 . Memory (MB): peak = 1882.066 ; gain = 0.000

Starting Netlist Obfuscation Task
Netlist sorting complete. Time (s): cpu = 00:00:00 ; elapsed = 00:00:00.005 . Memory (MB): peak = 1882.066 ; gain = 0.000
Ending Netlist Obfuscation Task | Checksum: 14a9f2219

Time (s): cpu = 00:00:00 ; elapsed = 00:00:00.011 . Memory (MB): peak = 1882.066 ; gain = 0.000
INFO: [Common 17-83] Releasing license: Implementation
47 Infos, 0 Warnings, 0 Critical Warnings and 0 Errors encountered.
opt_design completed successfully
opt_design: Time (s): cpu = 00:00:23 ; elapsed = 00:00:23 . Memory (MB): peak = 1882.066 ; gain = 982.023
INFO: [Vivado 12-24828] Executing command : report_drc -file design_1_wrapper_drc_opted.rpt -pb design_1_wrapper_drc_opted.pb -rpx design_1_wrapper_drc_opted.rpx
Command: report_drc -file design_1_wrapper_drc_opted.rpt -pb design_1_wrapper_drc_opted.pb -rpx design_1_wrapper_drc_opted.rpx
INFO: [IP_Flow 19-1839] IP Catalog is up to date.
INFO: [DRC 23-27] Running DRC with 2 threads
INFO: [Vivado_Tcl 2-168] The results of DRC are in file D:/UTCN/AN_3/Semestru1/SSC/Proiect/Semafor_Inteligent/Semafor_Inteligent.runs/impl_1/design_1_wrapper_drc_opted.rpt.
report_drc completed successfully
INFO: [Timing 38-35] Done setting XDC timing constraints.
INFO: [Timing 38-480] Writing timing data to binary archive.
Write ShapeDB Complete: Time (s): cpu = 00:00:00 ; elapsed = 00:00:00.077 . Memory (MB): peak = 1882.066 ; gain = 0.000
Wrote PlaceDB: Time (s): cpu = 00:00:00 ; elapsed = 00:00:00.137 . Memory (MB): peak = 1882.066 ; gain = 0.000
Wrote PulsedLatchDB: Time (s): cpu = 00:00:00 ; elapsed = 00:00:00 . Memory (MB): peak = 1882.066 ; gain = 0.000
Writing XDEF routing.
Writing XDEF routing logical nets.
Writing XDEF routing special nets.
Wrote RouteStorage: Time (s): cpu = 00:00:00 ; elapsed = 00:00:00.107 . Memory (MB): peak = 1882.066 ; gain = 0.000
Wrote Netlist Cache: Time (s): cpu = 00:00:00 ; elapsed = 00:00:00.001 . Memory (MB): peak = 1882.066 ; gain = 0.000
Wrote Device Cache: Time (s): cpu = 00:00:00 ; elapsed = 00:00:00.022 . Memory (MB): peak = 1882.066 ; gain = 0.000
Write Physdb Complete: Time (s): cpu = 00:00:01 ; elapsed = 00:00:00.315 . Memory (MB): peak = 1882.066 ; gain = 0.000
INFO: [Common 17-1381] The checkpoint 'D:/UTCN/AN_3/Semestru1/SSC/Proiect/Semafor_Inteligent/Semafor_Inteligent.runs/impl_1/design_1_wrapper_opt.dcp' has been generated.
Command: place_design
Attempting to get a license for feature 'Implementation' and/or device 'xc7z020'
INFO: [Common 17-349] Got license for feature 'Implementation' and/or device 'xc7z020'
INFO: [Common 17-83] Releasing license: Implementation
INFO: [DRC 23-27] Running DRC with 2 threads
INFO: [Vivado_Tcl 4-198] DRC finished with 0 Errors
INFO: [Vivado_Tcl 4-199] Please refer to the DRC report (report_drc) for more information.
Running DRC as a precondition to command place_design
INFO: [DRC 23-27] Running DRC with 2 threads
INFO: [Vivado_Tcl 4-198] DRC finished with 0 Errors
INFO: [Vivado_Tcl 4-199] Please refer to the DRC report (report_drc) for more information.
INFO: [Place 30-611] Multithreading enabled for place_design using a maximum of 2 CPUs

Starting Placer Task

Phase 1 Placer Initialization

Phase 1.1 Placer Initialization Netlist Sorting
Netlist sorting complete. Time (s): cpu = 00:00:00 ; elapsed = 00:00:00.006 . Memory (MB): peak = 1882.066 ; gain = 0.000
Phase 1.1 Placer Initialization Netlist Sorting | Checksum: 108a8c136

Time (s): cpu = 00:00:00 ; elapsed = 00:00:00.027 . Memory (MB): peak = 1882.066 ; gain = 0.000
Netlist sorting complete. Time (s): cpu = 00:00:00 ; elapsed = 00:00:00.006 . Memory (MB): peak = 1882.066 ; gain = 0.000

Phase 1.2 IO Placement/ Clock Placement/ Build Placer Device
Phase 1.2 IO Placement/ Clock Placement/ Build Placer Device | Checksum: 10cec4ee0

Time (s): cpu = 00:00:02 ; elapsed = 00:00:01 . Memory (MB): peak = 1882.066 ; gain = 0.000

Phase 1.3 Build Placer Netlist Model
Phase 1.3 Build Placer Netlist Model | Checksum: 1c7534513

Time (s): cpu = 00:00:04 ; elapsed = 00:00:03 . Memory (MB): peak = 1882.066 ; gain = 0.000

Phase 1.4 Constrain Clocks/Macros
Phase 1.4 Constrain Clocks/Macros | Checksum: 1c7534513

Time (s): cpu = 00:00:04 ; elapsed = 00:00:03 . Memory (MB): peak = 1882.066 ; gain = 0.000
Phase 1 Placer Initialization | Checksum: 1c7534513

Time (s): cpu = 00:00:04 ; elapsed = 00:00:03 . Memory (MB): peak = 1882.066 ; gain = 0.000

Phase 2 Global Placement

Phase 2.1 Floorplanning
Phase 2.1 Floorplanning | Checksum: 17ec59e24

Time (s): cpu = 00:00:04 ; elapsed = 00:00:03 . Memory (MB): peak = 1882.066 ; gain = 0.000

Phase 2.2 Update Timing before SLR Path Opt
Phase 2.2 Update Timing before SLR Path Opt | Checksum: 1ba817090

Time (s): cpu = 00:00:05 ; elapsed = 00:00:04 . Memory (MB): peak = 1882.066 ; gain = 0.000

Phase 2.3 Post-Processing in Floorplanning
Phase 2.3 Post-Processing in Floorplanning | Checksum: 1ba817090

Time (s): cpu = 00:00:05 ; elapsed = 00:00:04 . Memory (MB): peak = 1882.066 ; gain = 0.000

Phase 2.4 Global Place Phase1
Phase 2.4 Global Place Phase1 | Checksum: 12d590ca4

Time (s): cpu = 00:00:10 ; elapsed = 00:00:08 . Memory (MB): peak = 1882.066 ; gain = 0.000

Phase 2.5 Global Place Phase2

Phase 2.5.1 UpdateTiming Before Physical Synthesis
Phase 2.5.1 UpdateTiming Before Physical Synthesis | Checksum: e66746ee

Time (s): cpu = 00:00:11 ; elapsed = 00:00:08 . Memory (MB): peak = 1882.066 ; gain = 0.000

Phase 2.5.2 Physical Synthesis In Placer
INFO: [Physopt 32-1035] Found 0 LUTNM shape to break, 202 LUT instances to create LUTNM shape
INFO: [Physopt 32-1044] Break lutnm for timing: one critical 0, two critical 0, total 0, new lutff created 0
INFO: [Physopt 32-1138] End 1 Pass. Optimized 82 nets or LUTs. Breaked 0 LUT, combined 82 existing LUTs and moved 0 existing LUT
INFO: [Physopt 32-65] No nets found for high-fanout optimization.
INFO: [Physopt 32-232] Optimized 0 net. Created 0 new instance.
INFO: [Physopt 32-775] End 1 Pass. Optimized 0 net or cell. Created 0 new cell, deleted 0 existing cell and moved 0 existing cell
INFO: [Physopt 32-670] No setup violation found.  DSP Register Optimization was not performed.
INFO: [Physopt 32-670] No setup violation found.  Shift Register to Pipeline Optimization was not performed.
INFO: [Physopt 32-670] No setup violation found.  Shift Register Optimization was not performed.
INFO: [Physopt 32-670] No setup violation found.  BRAM Register Optimization was not performed.
INFO: [Physopt 32-670] No setup violation found.  URAM Register Optimization was not performed.
INFO: [Physopt 32-949] No candidate nets found for dynamic/static region interface net replication
INFO: [Physopt 32-775] End 1 Pass. Optimized 0 net or cell. Created 0 new cell, deleted 0 existing cell and moved 0 existing cell
Netlist sorting complete. Time (s): cpu = 00:00:00 ; elapsed = 00:00:00.005 . Memory (MB): peak = 1882.066 ; gain = 0.000

Summary of Physical Synthesis Optimizations
============================================


-----------------------------------------------------------------------------------------------------------------------------------------------------------
|  Optimization                                     |  Added Cells  |  Removed Cells  |  Optimized Cells/Nets  |  Dont Touch  |  Iterations  |  Elapsed   |
-----------------------------------------------------------------------------------------------------------------------------------------------------------
|  LUT Combining                                    |            0  |             82  |                    82  |           0  |           1  |  00:00:00  |
|  Retime                                           |            0  |              0  |                     0  |           0  |           1  |  00:00:00  |
|  Very High Fanout                                 |            0  |              0  |                     0  |           0  |           1  |  00:00:00  |
|  DSP Register                                     |            0  |              0  |                     0  |           0  |           0  |  00:00:00  |
|  Shift Register to Pipeline                       |            0  |              0  |                     0  |           0  |           0  |  00:00:00  |
|  Shift Register                                   |            0  |              0  |                     0  |           0  |           0  |  00:00:00  |
|  BRAM Register                                    |            0  |              0  |                     0  |           0  |           0  |  00:00:00  |
|  URAM Register                                    |            0  |              0  |                     0  |           0  |           0  |  00:00:00  |
|  Dynamic/Static Region Interface Net Replication  |            0  |              0  |                     0  |           0  |           1  |  00:00:00  |
|  Total                                            |            0  |             82  |                    82  |           0  |           4  |  00:00:00  |
-----------------------------------------------------------------------------------------------------------------------------------------------------------


Phase 2.5.2 Physical Synthesis In Placer | Checksum: 123284229

Time (s): cpu = 00:00:12 ; elapsed = 00:00:09 . Memory (MB): peak = 1882.066 ; gain = 0.000
Phase 2.5 Global Place Phase2 | Checksum: bede5e36

Time (s): cpu = 00:00:13 ; elapsed = 00:00:10 . Memory (MB): peak = 1882.066 ; gain = 0.000
Phase 2 Global Placement | Checksum: bede5e36

Time (s): cpu = 00:00:13 ; elapsed = 00:00:10 . Memory (MB): peak = 1882.066 ; gain = 0.000

Phase 3 Detail Placement

Phase 3.1 Commit Multi Column Macros
Phase 3.1 Commit Multi Column Macros | Checksum: abf24df9

Time (s): cpu = 00:00:13 ; elapsed = 00:00:10 . Memory (MB): peak = 1882.066 ; gain = 0.000

Phase 3.2 Commit Most Macros & LUTRAMs
Phase 3.2 Commit Most Macros & LUTRAMs | Checksum: 205bc7a68

Time (s): cpu = 00:00:14 ; elapsed = 00:00:11 . Memory (MB): peak = 1882.066 ; gain = 0.000

Phase 3.3 Area Swap Optimization
Phase 3.3 Area Swap Optimization | Checksum: 1923a3d8f

Time (s): cpu = 00:00:14 ; elapsed = 00:00:11 . Memory (MB): peak = 1882.066 ; gain = 0.000

Phase 3.4 Pipeline Register Optimization
Phase 3.4 Pipeline Register Optimization | Checksum: 12c07dccc

Time (s): cpu = 00:00:14 ; elapsed = 00:00:11 . Memory (MB): peak = 1882.066 ; gain = 0.000

Phase 3.5 Small Shape Detail Placement
Phase 3.5 Small Shape Detail Placement | Checksum: 111352608

Time (s): cpu = 00:00:16 ; elapsed = 00:00:12 . Memory (MB): peak = 1882.066 ; gain = 0.000

Phase 3.6 Re-assign LUT pins
Phase 3.6 Re-assign LUT pins | Checksum: 17fd42751

Time (s): cpu = 00:00:16 ; elapsed = 00:00:12 . Memory (MB): peak = 1882.066 ; gain = 0.000

Phase 3.7 Pipeline Register Optimization
Phase 3.7 Pipeline Register Optimization | Checksum: 1e295c014

Time (s): cpu = 00:00:16 ; elapsed = 00:00:12 . Memory (MB): peak = 1882.066 ; gain = 0.000
Phase 3 Detail Placement | Checksum: 1e295c014

Time (s): cpu = 00:00:16 ; elapsed = 00:00:12 . Memory (MB): peak = 1882.066 ; gain = 0.000

Phase 4 Post Placement Optimization and Clean-Up

Phase 4.1 Post Commit Optimization
INFO: [Timing 38-35] Done setting XDC timing constraints.

Phase 4.1.1 Post Placement Optimization
Post Placement Optimization Initialization | Checksum: 192fcc268

Phase 4.1.1.1 BUFG Insertion

Starting Physical Synthesis Task

Phase 1 Physical Synthesis Initialization
INFO: [Physopt 32-721] Multithreading enabled for phys_opt_design using a maximum of 2 CPUs
INFO: [Physopt 32-619] Estimated Timing Summary | WNS=11.255 | TNS=0.000 |
Phase 1 Physical Synthesis Initialization | Checksum: 139a18f28

Time (s): cpu = 00:00:01 ; elapsed = 00:00:00.402 . Memory (MB): peak = 1882.066 ; gain = 0.000
INFO: [Place 46-56] BUFG insertion identified 0 candidate nets. Inserted BUFG: 0, Replicated BUFG Driver: 0, Skipped due to Placement/Routing Conflicts: 0, Skipped due to Timing Degradation: 0, Skipped due to netlist editing failed: 0.
Ending Physical Synthesis Task | Checksum: 1c8116f2e

Time (s): cpu = 00:00:01 ; elapsed = 00:00:00.480 . Memory (MB): peak = 1882.066 ; gain = 0.000
Phase 4.1.1.1 BUFG Insertion | Checksum: 192fcc268

Time (s): cpu = 00:00:19 ; elapsed = 00:00:15 . Memory (MB): peak = 1882.066 ; gain = 0.000

Phase 4.1.1.2 Post Placement Timing Optimization
INFO: [Place 30-746] Post Placement Timing Summary WNS=11.255. For the most accurate timing information please run report_timing.
Phase 4.1.1.2 Post Placement Timing Optimization | Checksum: 18b715b33

Time (s): cpu = 00:00:19 ; elapsed = 00:00:15 . Memory (MB): peak = 1882.066 ; gain = 0.000

Time (s): cpu = 00:00:19 ; elapsed = 00:00:15 . Memory (MB): peak = 1882.066 ; gain = 0.000
Phase 4.1 Post Commit Optimization | Checksum: 18b715b33

Time (s): cpu = 00:00:19 ; elapsed = 00:00:15 . Memory (MB): peak = 1882.066 ; gain = 0.000

Phase 4.2 Post Placement Cleanup
Phase 4.2 Post Placement Cleanup | Checksum: 18b715b33

Time (s): cpu = 00:00:19 ; elapsed = 00:00:15 . Memory (MB): peak = 1882.066 ; gain = 0.000

Phase 4.3 Placer Reporting

Phase 4.3.1 Print Estimated Congestion
INFO: [Place 30-612] Post-Placement Estimated Congestion 
 ____________________________________________________
|           | Global Congestion | Short Congestion  |
| Direction | Region Size       | Region Size       |
|___________|___________________|___________________|
|      North|                1x1|                1x1|
|___________|___________________|___________________|
|      South|                1x1|                1x1|
|___________|___________________|___________________|
|       East|                1x1|                1x1|
|___________|___________________|___________________|
|       West|                1x1|                1x1|
|___________|___________________|___________________|

Phase 4.3.1 Print Estimated Congestion | Checksum: 18b715b33

Time (s): cpu = 00:00:19 ; elapsed = 00:00:15 . Memory (MB): peak = 1882.066 ; gain = 0.000
Phase 4.3 Placer Reporting | Checksum: 18b715b33

Time (s): cpu = 00:00:19 ; elapsed = 00:00:15 . Memory (MB): peak = 1882.066 ; gain = 0.000

Phase 4.4 Final Placement Cleanup
Netlist sorting complete. Time (s): cpu = 00:00:00 ; elapsed = 00:00:00.004 . Memory (MB): peak = 1882.066 ; gain = 0.000

Time (s): cpu = 00:00:19 ; elapsed = 00:00:15 . Memory (MB): peak = 1882.066 ; gain = 0.000
Phase 4 Post Placement Optimization and Clean-Up | Checksum: d2f8fe60

Time (s): cpu = 00:00:19 ; elapsed = 00:00:15 . Memory (MB): peak = 1882.066 ; gain = 0.000
Ending Placer Task | Checksum: cda2b178

Time (s): cpu = 00:00:19 ; elapsed = 00:00:15 . Memory (MB): peak = 1882.066 ; gain = 0.000
82 Infos, 0 Warnings, 0 Critical Warnings and 0 Errors encountered.
place_design completed successfully
place_design: Time (s): cpu = 00:00:24 ; elapsed = 00:00:18 . Memory (MB): peak = 1882.066 ; gain = 0.000
INFO: [Vivado 12-24838] Running report commands "report_control_sets, report_io, report_utilization" in parallel.
Running report generation with 2 threads.
INFO: [Vivado 12-24828] Executing command : report_utilization -file design_1_wrapper_utilization_placed.rpt -pb design_1_wrapper_utilization_placed.pb
INFO: [Vivado 12-24828] Executing command : report_io -file design_1_wrapper_io_placed.rpt
report_io: Time (s): cpu = 00:00:00 ; elapsed = 00:00:00.109 . Memory (MB): peak = 1882.066 ; gain = 0.000
INFO: [Vivado 12-24828] Executing command : report_control_sets -verbose -file design_1_wrapper_control_sets_placed.rpt
report_control_sets: Time (s): cpu = 00:00:00 ; elapsed = 00:00:00.025 . Memory (MB): peak = 1882.066 ; gain = 0.000
INFO: [Timing 38-480] Writing timing data to binary archive.
Write ShapeDB Complete: Time (s): cpu = 00:00:01 ; elapsed = 00:00:00.101 . Memory (MB): peak = 1889.117 ; gain = 7.051
Wrote PlaceDB: Time (s): cpu = 00:00:02 ; elapsed = 00:00:00.544 . Memory (MB): peak = 1897.965 ; gain = 15.898
Wrote PulsedLatchDB: Time (s): cpu = 00:00:00 ; elapsed = 00:00:00.001 . Memory (MB): peak = 1897.965 ; gain = 0.000
Writing XDEF routing.
Writing XDEF routing logical nets.
Writing XDEF routing special nets.
Wrote RouteStorage: Time (s): cpu = 00:00:01 ; elapsed = 00:00:00.049 . Memory (MB): peak = 1897.965 ; gain = 0.000
Wrote Netlist Cache: Time (s): cpu = 00:00:00 ; elapsed = 00:00:00.007 . Memory (MB): peak = 1897.965 ; gain = 0.000
Wrote Device Cache: Time (s): cpu = 00:00:00 ; elapsed = 00:00:00.021 . Memory (MB): peak = 1897.965 ; gain = 0.000
Write Physdb Complete: Time (s): cpu = 00:00:03 ; elapsed = 00:00:00.652 . Memory (MB): peak = 1897.965 ; gain = 15.898
INFO: [Common 17-1381] The checkpoint 'D:/UTCN/AN_3/Semestru1/SSC/Proiect/Semafor_Inteligent/Semafor_Inteligent.runs/impl_1/design_1_wrapper_placed.dcp' has been generated.
Command: phys_opt_design
Attempting to get a license for feature 'Implementation' and/or device 'xc7z020'
INFO: [Common 17-349] Got license for feature 'Implementation' and/or device 'xc7z020'

Starting Initial Update Timing Task

Time (s): cpu = 00:00:01 ; elapsed = 00:00:00.571 . Memory (MB): peak = 1897.965 ; gain = 0.000
INFO: [Vivado_Tcl 4-2279] Estimated Timing Summary | WNS= 11.255 | TNS= 0.000 | 
INFO: [Vivado_Tcl 4-383] Design worst setup slack (WNS) is greater than or equal to 0.000 ns. All physical synthesis setup optimizations will be skipped.
INFO: [Vivado_Tcl 4-232] No setup violation found. The netlist was not modified.
INFO: [Common 17-83] Releasing license: Implementation
93 Infos, 0 Warnings, 0 Critical Warnings and 0 Errors encountered.
phys_opt_design completed successfully
INFO: [Timing 38-480] Writing timing data to binary archive.
Write ShapeDB Complete: Time (s): cpu = 00:00:01 ; elapsed = 00:00:00.070 . Memory (MB): peak = 1920.961 ; gain = 11.031
Wrote PlaceDB: Time (s): cpu = 00:00:02 ; elapsed = 00:00:00.463 . Memory (MB): peak = 1928.297 ; gain = 18.367
Wrote PulsedLatchDB: Time (s): cpu = 00:00:00 ; elapsed = 00:00:00 . Memory (MB): peak = 1928.297 ; gain = 0.000
Writing XDEF routing.
Writing XDEF routing logical nets.
Writing XDEF routing special nets.
Wrote RouteStorage: Time (s): cpu = 00:00:00 ; elapsed = 00:00:00.045 . Memory (MB): peak = 1928.297 ; gain = 0.000
Wrote Netlist Cache: Time (s): cpu = 00:00:00 ; elapsed = 00:00:00.008 . Memory (MB): peak = 1928.297 ; gain = 0.000
Wrote Device Cache: Time (s): cpu = 00:00:00 ; elapsed = 00:00:00.020 . Memory (MB): peak = 1928.297 ; gain = 0.000
Write Physdb Complete: Time (s): cpu = 00:00:02 ; elapsed = 00:00:00.565 . Memory (MB): peak = 1928.297 ; gain = 18.367
INFO: [Common 17-1381] The checkpoint 'D:/UTCN/AN_3/Semestru1/SSC/Proiect/Semafor_Inteligent/Semafor_Inteligent.runs/impl_1/design_1_wrapper_physopt.dcp' has been generated.
Command: route_design
Attempting to get a license for feature 'Implementation' and/or device 'xc7z020'
INFO: [Common 17-349] Got license for feature 'Implementation' and/or device 'xc7z020'


Starting Routing Task
INFO: [Route 35-254] Multithreading enabled for route_design using a maximum of 2 CPUs

Phase 1 Build RT Design
Checksum: PlaceDB: 85582133 ConstDB: 0 ShapeSum: 32511d55 RouteDB: 15f972f0
Post Restoration Checksum: NetGraph: 373cbf36 | NumContArr: c302536a | Constraints: c2a8fa9d | Timing: c2a8fa9d
Phase 1 Build RT Design | Checksum: 27f9107da

Time (s): cpu = 00:00:48 ; elapsed = 00:00:43 . Memory (MB): peak = 2027.379 ; gain = 99.082

Phase 2 Router Initialization

Phase 2.1 Fix Topology Constraints
Phase 2.1 Fix Topology Constraints | Checksum: 27f9107da

Time (s): cpu = 00:00:48 ; elapsed = 00:00:44 . Memory (MB): peak = 2027.379 ; gain = 99.082

Phase 2.2 Pre Route Cleanup
Phase 2.2 Pre Route Cleanup | Checksum: 27f9107da

Time (s): cpu = 00:00:48 ; elapsed = 00:00:44 . Memory (MB): peak = 2027.379 ; gain = 99.082
 Number of Nodes with overlaps = 0

Phase 2.3 Update Timing
Phase 2.3 Update Timing | Checksum: 1fce1c3c8

Time (s): cpu = 00:00:51 ; elapsed = 00:00:46 . Memory (MB): peak = 2067.207 ; gain = 138.910
INFO: [Route 35-416] Intermediate Timing Summary | WNS=11.312 | TNS=0.000  | WHS=-0.338 | THS=-39.984|


Router Utilization Summary
  Global Vertical Routing Utilization    = 0 %
  Global Horizontal Routing Utilization  = 0 %
  Routable Net Status*
  *Does not include unroutable nets such as driverless and loadless.
  Run report_route_status for detailed report.
  Number of Failed Nets               = 2686
    (Failed Nets is the sum of unrouted and partially routed nets)
  Number of Unrouted Nets             = 2686
  Number of Partially Routed Nets     = 0
  Number of Node Overlaps             = 0

Phase 2 Router Initialization | Checksum: 1990f4748

Time (s): cpu = 00:00:52 ; elapsed = 00:00:47 . Memory (MB): peak = 2067.207 ; gain = 138.910

Phase 3 Global Routing
Phase 3 Global Routing | Checksum: 1990f4748

Time (s): cpu = 00:00:52 ; elapsed = 00:00:47 . Memory (MB): peak = 2067.207 ; gain = 138.910

Phase 4 Initial Routing

Phase 4.1 Initial Net Routing Pass
Phase 4.1 Initial Net Routing Pass | Checksum: 1f1bc3dc6

Time (s): cpu = 00:00:53 ; elapsed = 00:00:48 . Memory (MB): peak = 2067.207 ; gain = 138.910
Phase 4 Initial Routing | Checksum: 1f1bc3dc6

Time (s): cpu = 00:00:53 ; elapsed = 00:00:48 . Memory (MB): peak = 2067.207 ; gain = 138.910

Phase 5 Rip-up And Reroute

Phase 5.1 Global Iteration 0
 Number of Nodes with overlaps = 144
 Number of Nodes with overlaps = 0
INFO: [Route 35-416] Intermediate Timing Summary | WNS=12.015 | TNS=0.000  | WHS=N/A    | THS=N/A    |

Phase 5.1 Global Iteration 0 | Checksum: 2bcbbf685

Time (s): cpu = 00:00:56 ; elapsed = 00:00:50 . Memory (MB): peak = 2067.207 ; gain = 138.910

Phase 5.2 Global Iteration 1
 Number of Nodes with overlaps = 4
 Number of Nodes with overlaps = 0
INFO: [Route 35-416] Intermediate Timing Summary | WNS=12.015 | TNS=0.000  | WHS=N/A    | THS=N/A    |

Phase 5.2 Global Iteration 1 | Checksum: 23e710bda

Time (s): cpu = 00:00:56 ; elapsed = 00:00:50 . Memory (MB): peak = 2067.207 ; gain = 138.910
Phase 5 Rip-up And Reroute | Checksum: 23e710bda

Time (s): cpu = 00:00:56 ; elapsed = 00:00:50 . Memory (MB): peak = 2067.207 ; gain = 138.910

Phase 6 Delay and Skew Optimization

Phase 6.1 Delay CleanUp

Phase 6.1.1 Update Timing
Phase 6.1.1 Update Timing | Checksum: 25dbccd56

Time (s): cpu = 00:00:57 ; elapsed = 00:00:50 . Memory (MB): peak = 2067.207 ; gain = 138.910
INFO: [Route 35-416] Intermediate Timing Summary | WNS=12.130 | TNS=0.000  | WHS=N/A    | THS=N/A    |

Phase 6.1 Delay CleanUp | Checksum: 25dbccd56

Time (s): cpu = 00:00:57 ; elapsed = 00:00:50 . Memory (MB): peak = 2067.207 ; gain = 138.910

Phase 6.2 Clock Skew Optimization
Phase 6.2 Clock Skew Optimization | Checksum: 25dbccd56

Time (s): cpu = 00:00:57 ; elapsed = 00:00:50 . Memory (MB): peak = 2067.207 ; gain = 138.910
Phase 6 Delay and Skew Optimization | Checksum: 25dbccd56

Time (s): cpu = 00:00:57 ; elapsed = 00:00:50 . Memory (MB): peak = 2067.207 ; gain = 138.910

Phase 7 Post Hold Fix

Phase 7.1 Hold Fix Iter
INFO: [Route 35-416] Intermediate Timing Summary | WNS=12.130 | TNS=0.000  | WHS=0.017  | THS=0.000  |

Phase 7.1 Hold Fix Iter | Checksum: 29286f4e6

Time (s): cpu = 00:00:57 ; elapsed = 00:00:51 . Memory (MB): peak = 2067.207 ; gain = 138.910
Phase 7 Post Hold Fix | Checksum: 29286f4e6

Time (s): cpu = 00:00:57 ; elapsed = 00:00:51 . Memory (MB): peak = 2067.207 ; gain = 138.910

Phase 8 Route finalize

Router Utilization Summary
  Global Vertical Routing Utilization    = 0.327327 %
  Global Horizontal Routing Utilization  = 0.415061 %
  Routable Net Status*
  *Does not include unroutable nets such as driverless and loadless.
  Run report_route_status for detailed report.
  Number of Failed Nets               = 0
    (Failed Nets is the sum of unrouted and partially routed nets)
  Number of Unrouted Nets             = 0
  Number of Partially Routed Nets     = 0
  Number of Node Overlaps             = 0

Phase 8 Route finalize | Checksum: 29286f4e6

Time (s): cpu = 00:00:58 ; elapsed = 00:00:51 . Memory (MB): peak = 2067.207 ; gain = 138.910

Phase 9 Verifying routed nets

 Verification completed successfully
Phase 9 Verifying routed nets | Checksum: 29286f4e6

Time (s): cpu = 00:00:58 ; elapsed = 00:00:51 . Memory (MB): peak = 2067.207 ; gain = 138.910

Phase 10 Depositing Routes
Phase 10 Depositing Routes | Checksum: 2594f5456

Time (s): cpu = 00:00:58 ; elapsed = 00:00:51 . Memory (MB): peak = 2067.207 ; gain = 138.910

Phase 11 Post Process Routing
Phase 11 Post Process Routing | Checksum: 2594f5456

Time (s): cpu = 00:00:58 ; elapsed = 00:00:51 . Memory (MB): peak = 2067.207 ; gain = 138.910

Phase 12 Post Router Timing
INFO: [Route 35-57] Estimated Timing Summary | WNS=12.130 | TNS=0.000  | WHS=0.017  | THS=0.000  |

INFO: [Route 35-327] The final timing numbers are based on the router estimated timing analysis. For a complete and accurate timing signoff, please run report_timing_summary.
Phase 12 Post Router Timing | Checksum: 2594f5456

Time (s): cpu = 00:00:58 ; elapsed = 00:00:51 . Memory (MB): peak = 2067.207 ; gain = 138.910
Total Elapsed time in route_design: 51.394 secs

Phase 13 Post-Route Event Processing
Phase 13 Post-Route Event Processing | Checksum: 12480e92b

Time (s): cpu = 00:00:58 ; elapsed = 00:00:51 . Memory (MB): peak = 2067.207 ; gain = 138.910
INFO: [Route 35-16] Router Completed Successfully
Ending Routing Task | Checksum: 12480e92b

Time (s): cpu = 00:00:58 ; elapsed = 00:00:52 . Memory (MB): peak = 2067.207 ; gain = 138.910

Routing Is Done.
INFO: [Common 17-83] Releasing license: Implementation
106 Infos, 0 Warnings, 0 Critical Warnings and 0 Errors encountered.
route_design completed successfully
route_design: Time (s): cpu = 00:00:59 ; elapsed = 00:00:52 . Memory (MB): peak = 2067.207 ; gain = 138.910
INFO: [Vivado 12-24828] Executing command : report_drc -file design_1_wrapper_drc_routed.rpt -pb design_1_wrapper_drc_routed.pb -rpx design_1_wrapper_drc_routed.rpx
Command: report_drc -file design_1_wrapper_drc_routed.rpt -pb design_1_wrapper_drc_routed.pb -rpx design_1_wrapper_drc_routed.rpx
INFO: [IP_Flow 19-1839] IP Catalog is up to date.
INFO: [DRC 23-27] Running DRC with 2 threads
INFO: [Vivado_Tcl 2-168] The results of DRC are in file D:/UTCN/AN_3/Semestru1/SSC/Proiect/Semafor_Inteligent/Semafor_Inteligent.runs/impl_1/design_1_wrapper_drc_routed.rpt.
report_drc completed successfully
report_drc: Time (s): cpu = 00:00:10 ; elapsed = 00:00:06 . Memory (MB): peak = 2107.742 ; gain = 40.535
INFO: [Vivado 12-24828] Executing command : report_methodology -file design_1_wrapper_methodology_drc_routed.rpt -pb design_1_wrapper_methodology_drc_routed.pb -rpx design_1_wrapper_methodology_drc_routed.rpx
Command: report_methodology -file design_1_wrapper_methodology_drc_routed.rpt -pb design_1_wrapper_methodology_drc_routed.pb -rpx design_1_wrapper_methodology_drc_routed.rpx
INFO: [Timing 38-35] Done setting XDC timing constraints.
INFO: [DRC 23-133] Running Methodology with 2 threads
INFO: [Vivado_Tcl 2-1520] The results of Report Methodology are in file D:/UTCN/AN_3/Semestru1/SSC/Proiect/Semafor_Inteligent/Semafor_Inteligent.runs/impl_1/design_1_wrapper_methodology_drc_routed.rpt.
report_methodology completed successfully
report_methodology: Time (s): cpu = 00:00:11 ; elapsed = 00:00:06 . Memory (MB): peak = 2138.566 ; gain = 30.824
INFO: [Vivado 12-24828] Executing command : report_timing_summary -max_paths 10 -report_unconstrained -file design_1_wrapper_timing_summary_routed.rpt -pb design_1_wrapper_timing_summary_routed.pb -rpx design_1_wrapper_timing_summary_routed.rpx -warn_on_violation 
INFO: [Timing 38-35] Done setting XDC timing constraints.
INFO: [Timing 38-91] UpdateTimingParams: Speed grade: -1, Delay Type: min_max.
INFO: [Timing 38-191] Multithreading enabled for timing update using a maximum of 2 CPUs
INFO: [Vivado 12-24838] Running report commands "report_incremental_reuse, report_route_status" in parallel.
Running report generation with 2 threads.
INFO: [Vivado 12-24828] Executing command : report_incremental_reuse -file design_1_wrapper_incremental_reuse_routed.rpt
INFO: [Vivado_Tcl 4-1062] Incremental flow is disabled. No incremental reuse Info to report.
INFO: [Vivado 12-24828] Executing command : report_route_status -file design_1_wrapper_route_status.rpt -pb design_1_wrapper_route_status.pb
INFO: [Vivado 12-24828] Executing command : report_power -file design_1_wrapper_power_routed.rpt -pb design_1_wrapper_power_summary_routed.pb -rpx design_1_wrapper_power_routed.rpx
Command: report_power -file design_1_wrapper_power_routed.rpt -pb design_1_wrapper_power_summary_routed.pb -rpx design_1_wrapper_power_routed.rpx
Running Vector-less Activity Propagation...

Finished Running Vector-less Activity Propagation
123 Infos, 0 Warnings, 0 Critical Warnings and 0 Errors encountered.
report_power completed successfully
INFO: [Vivado 12-24828] Executing command : report_clock_utilization -file design_1_wrapper_clock_utilization_routed.rpt
INFO: [Vivado 12-24828] Executing command : report_bus_skew -warn_on_violation -file design_1_wrapper_bus_skew_routed.rpt -pb design_1_wrapper_bus_skew_routed.pb -rpx design_1_wrapper_bus_skew_routed.rpx
INFO: [Timing 38-91] UpdateTimingParams: Speed grade: -1, Delay Type: min_max.
INFO: [Timing 38-191] Multithreading enabled for timing update using a maximum of 2 CPUs
generate_parallel_reports: Time (s): cpu = 00:00:26 ; elapsed = 00:00:16 . Memory (MB): peak = 2145.492 ; gain = 78.285
INFO: [Timing 38-480] Writing timing data to binary archive.
Write ShapeDB Complete: Time (s): cpu = 00:00:01 ; elapsed = 00:00:00.066 . Memory (MB): peak = 2145.492 ; gain = 0.000
Wrote PlaceDB: Time (s): cpu = 00:00:02 ; elapsed = 00:00:00.503 . Memory (MB): peak = 2162.395 ; gain = 16.902
Wrote PulsedLatchDB: Time (s): cpu = 00:00:00 ; elapsed = 00:00:00 . Memory (MB): peak = 2162.395 ; gain = 0.000
Writing XDEF routing.
Writing XDEF routing logical nets.
Writing XDEF routing special nets.
Wrote RouteStorage: Time (s): cpu = 00:00:00 ; elapsed = 00:00:00.092 . Memory (MB): peak = 2162.395 ; gain = 0.000
Wrote Netlist Cache: Time (s): cpu = 00:00:00 ; elapsed = 00:00:00.007 . Memory (MB): peak = 2162.395 ; gain = 0.000
Wrote Device Cache: Time (s): cpu = 00:00:00 ; elapsed = 00:00:00.020 . Memory (MB): peak = 2162.395 ; gain = 0.000
Write Physdb Complete: Time (s): cpu = 00:00:02 ; elapsed = 00:00:00.671 . Memory (MB): peak = 2162.395 ; gain = 16.902
INFO: [Common 17-1381] The checkpoint 'D:/UTCN/AN_3/Semestru1/SSC/Proiect/Semafor_Inteligent/Semafor_Inteligent.runs/impl_1/design_1_wrapper_routed.dcp' has been generated.
Command: write_bitstream -force design_1_wrapper.bit
Attempting to get a license for feature 'Implementation' and/or device 'xc7z020'
INFO: [Common 17-349] Got license for feature 'Implementation' and/or device 'xc7z020'
Running DRC as a precondition to command write_bitstream
INFO: [IP_Flow 19-1839] IP Catalog is up to date.
INFO: [DRC 23-27] Running DRC with 2 threads
INFO: [Vivado 12-3199] DRC finished with 0 Errors
INFO: [Vivado 12-3200] Please refer to the DRC report (report_drc) for more information.
INFO: [Designutils 20-2272] Running write_bitstream with 2 threads.
Loading data files...
Loading site data...
Loading route data...
Processing options...
Creating bitmap...
Creating bitstream...
Writing bitstream ./design_1_wrapper.bit...
INFO: [Vivado 12-1842] Bitgen Completed Successfully.
INFO: [Project 1-1876] WebTalk data collection is mandatory when using a ULT device. To see the specific WebTalk data collected for your design, open the usage_statistics_webtalk.html or usage_statistics_webtalk.xml file in the implementation directory.
INFO: [Common 17-83] Releasing license: Implementation
138 Infos, 0 Warnings, 0 Critical Warnings and 0 Errors encountered.
write_bitstream completed successfully
write_bitstream: Time (s): cpu = 00:00:28 ; elapsed = 00:00:22 . Memory (MB): peak = 2651.172 ; gain = 488.777
INFO: [Common 17-206] Exiting Vivado at Sun Nov  9 15:10:46 2025...
